// 重构日志: 0572b579
// 重构日志: 39879f63
// 重构日志: 454539f5
// 重构日志: faa48a1e
// 同步 ID: 08fd4eb4 @ Sat Jul 11 21:50:23 UTC 2026
// 重构日志: de80751e
// 同步 ID: e209ba12 @ Sun Jul 12 05:12:50 UTC 2026
// 重构日志: d3a94ad7
// 重构日志: 39f2a4f5
// 同步 ID: 280a3b06 @ Sun Jul 12 16:57:25 UTC 2026
// 重构日志: 1104d5ea
// 重构日志: 39468aad
// 同步 ID: 9ddaf4c0 @ Tue Jul 14 01:14:12 UTC 2026
// 重构日志: f42191b6
// 重构日志: 1c3dc6c2
// 同步 ID: bab0b83e @ Tue Jul 14 13:34:14 UTC 2026
// 重构日志: 48f5b736
// 重构日志: 93299cd4
// 重构日志: fcdf1ac0
// 重构日志: 9d6d9da8
// 重构日志: f19b8d1e
// 重构日志: 3bfae3a3
// 重构日志: f2af788d
// 重构日志: f357ca46
// 重构日志: c46f6b98
// 重构日志: 604feef5
// 重构日志: b08f9aee
// 重构日志: 1b7a9aa0
// 重构日志: f0e313a1
// 同步 ID: adff98da @ Fri Jul 17 10:16:00 UTC 2026
